<?xml version="1.0" encoding="UTF-8"?>
<testng-results skipped="0" failed="0" total="1" passed="1">
  <reporter-output>
  </reporter-output>
  <suite name="Default suite" duration-ms="87839" started-at="2022-04-27T08:13:23Z" finished-at="2022-04-27T08:14:51Z">
    <groups>
    </groups>
    <test name="Default test" duration-ms="87839" started-at="2022-04-27T08:13:23Z" finished-at="2022-04-27T08:14:51Z">
      <class name="InitialClinicalManagement.DiseaseSpecificSummary">
        <test-method status="PASS" signature="DiseaseSpecificSummary()[pri:0, instance:InitialClinicalManagement.DiseaseSpecificSummary@1b2abca6]" name="DiseaseSpecificSummary" duration-ms="87807" started-at="2022-04-27T13:43:23Z" finished-at="2022-04-27T13:44:51Z">
          <reporter-output>
          </reporter-output>
        </test-method> <!-- DiseaseSpecificSummary -->
      </class> <!-- InitialClinicalManagement.DiseaseSpecificSummary -->
    </test> <!-- Default test -->
  </suite> <!-- Default suite -->
</testng-results>
